# JRE version: OpenJDK Runtime Environment Temurin-17.0.4+8 (17.0.4+8) (build 17.0.4+8)
# Java VM: OpenJDK 64-Bit Server VM Temurin-17.0.4+8 (17.0.4+8, mixed mode, tiered, compressed oops, compressed class ptrs, g1 gc, windows-amd64)
GC Precious Log:
 CPUs: 20 total, 20 available
 Memory: 32509M
 Large Page Support: Disabled
 NUMA Support: Disabled
 Compressed Oops: Enabled (Zero based)
 Heap Region Size: 4M
 Heap Min Capacity: 8M
 Heap Initial Capacity: 508M
 Heap Max Capacity: 8128M
 Pre-touch: Disabled
 Parallel Workers: 15
 Concurrent Workers: 4
 Concurrent Refinement Workers: 15
 Periodic GC: Disabled
Heap:
 garbage-first heap   total 282624K, used 25216K [0x0000000604000000, 0x0000000800000000)
  region size 4096K, 6 young (24576K), 1 survivors (4096K)
 Metaspace       used 29147K, committed 29312K, reserved 1081344K
  class space    used 3093K, committed 3136K, reserved 1048576K
GC Heap History (12 events):
Event: 0.285 GC heap before
{Heap before GC invocations=0 (full 0):
 garbage-first heap   total 520192K, used 20480K [0x0000000604000000, 0x0000000800000000)
  region size 4096K, 6 young (24576K), 0 survivors (0K)
 Metaspace       used 11889K, committed 12032K, reserved 1064960K
  class space    used 1047K, committed 1152K, reserved 1048576K
}
Event: 0.287 GC heap after
{Heap after GC invocations=1 (full 0):
 garbage-first heap   total 520192K, used 3134K [0x0000000604000000, 0x0000000800000000)
  region size 4096K, 1 young (4096K), 1 survivors (4096K)
 Metaspace       used 11889K, committed 12032K, reserved 1064960K
  class space    used 1047K, committed 1152K, reserved 1048576K
}
Event: 0.394 GC heap before
{Heap before GC invocations=1 (full 0):
 garbage-first heap   total 520192K, used 31806K [0x0000000604000000, 0x0000000800000000)
  region size 4096K, 8 young (32768K), 1 survivors (4096K)
 Metaspace       used 15553K, committed 15616K, reserved 1064960K
  class space    used 1422K, committed 1472K, reserved 1048576K
}
Event: 0.396 GC heap after
{Heap after GC invocations=2 (full 0):
 garbage-first heap   total 520192K, used 3938K [0x0000000604000000, 0x0000000800000000)
  region size 4096K, 1 young (4096K), 1 survivors (4096K)
 Metaspace       used 15553K, committed 15616K, reserved 1064960K
  class space    used 1422K, committed 1472K, reserved 1048576K
}
Event: 0.695 GC heap before
{Heap before GC invocations=2 (full 0):
 garbage-first heap   total 520192K, used 32610K [0x0000000604000000, 0x0000000800000000)
  region size 4096K, 9 young (36864K), 1 survivors (4096K)
 Metaspace       used 21337K, committed 21504K, reserved 1073152K
  class space    used 2133K, committed 2240K, reserved 1048576K
}
Event: 0.697 GC heap after
{Heap after GC invocations=3 (full 0):
 garbage-first heap   total 520192K, used 6388K [0x0000000604000000, 0x0000000800000000)
  region size 4096K, 1 young (4096K), 1 survivors (4096K)
 Metaspace       used 21337K, committed 21504K, reserved 1073152K
  class space    used 2133K, committed 2240K, reserved 1048576K
}
Event: 0.843 GC heap before
{Heap before GC invocations=4 (full 0):
 garbage-first heap   total 40960K, used 26868K [0x0000000604000000, 0x0000000800000000)
  region size 4096K, 7 young (28672K), 1 survivors (4096K)
 Metaspace       used 23056K, committed 23232K, reserved 1073152K
  class space    used 2359K, committed 2432K, reserved 1048576K
}
Event: 0.845 GC heap after
{Heap after GC invocations=5 (full 0):
 garbage-first heap   total 40960K, used 8514K [0x0000000604000000, 0x0000000800000000)
  region size 4096K, 2 young (8192K), 2 survivors (8192K)
 Metaspace       used 23056K, committed 23232K, reserved 1073152K
  class space    used 2359K, committed 2432K, reserved 1048576K
}
Event: 0.863 GC heap before
{Heap before GC invocations=5 (full 0):
 garbage-first heap   total 40960K, used 12610K [0x0000000604000000, 0x0000000800000000)
  region size 4096K, 3 young (12288K), 2 survivors (8192K)
 Metaspace       used 23416K, committed 23552K, reserved 1073152K
  class space    used 2419K, committed 2496K, reserved 1048576K
}
Event: 0.866 GC heap after
{Heap after GC invocations=6 (full 0):
 garbage-first heap   total 40960K, used 9182K [0x0000000604000000, 0x0000000800000000)
  region size 4096K, 1 young (4096K), 1 survivors (4096K)
 Metaspace       used 23416K, committed 23552K, reserved 1073152K
  class space    used 2419K, committed 2496K, reserved 1048576K
}
Event: 0.973 GC heap before
{Heap before GC invocations=6 (full 0):
 garbage-first heap   total 40960K, used 21470K [0x0000000604000000, 0x0000000800000000)
  region size 4096K, 4 young (16384K), 1 survivors (4096K)
 Metaspace       used 25223K, committed 25472K, reserved 1073152K
  class space    used 2636K, committed 2752K, reserved 1048576K
}
Event: 0.974 GC heap after
{Heap after GC invocations=7 (full 0):
 garbage-first heap   total 282624K, used 8832K [0x0000000604000000, 0x0000000800000000)
  region size 4096K, 1 young (4096K), 1 survivors (4096K)
 Metaspace       used 25223K, committed 25472K, reserved 1073152K
  class space    used 2636K, committed 2752K, reserved 1048576K
}

